[-0.0001004758426023419, -8.560025552421069e-06, 0.0, 0.0, 0.0, 0.042458784419150714, 0.9990982192085262]
[-0.00010030846469727848, -8.54577363506402e-06, 0.0, 0.0, 0.0, 0.042458781293496506, 0.9990982193413573]
[-0.00010013070066792936, -8.530637368036865e-06, 0.0, 0.0, 0.0, 0.042458787350224715, 0.9990982190839639]
[-9.996353629022659e-05, -8.516403644491508e-06, 0.0, 0.0, 0.0, 0.042458790933365784, 0.9990982189316908]
[-9.978605989807524e-05, -8.50129187229193e-06, 0.0, 0.0, 0.0, 0.04245880533276282, 0.9990982183197579]
[-9.960863531471975e-05, -8.486184512521167e-06, 0.0, 0.0, 0.0, 0.042458819903330315, 0.9990982177005505]
[-9.944176554083999e-05, -8.47197587015495e-06, 0.0, 0.0, 0.0, 0.04245882236804302, 0.9990982175958072]
[-9.926458391111057e-05, -8.45688919374109e-06, 0.0, 0.0, 0.0, 0.042458829134679715, 0.9990982173082444]
[-9.909738461754235e-05, -8.442652491859286e-06, 0.0, 0.0, 0.0, 0.04245883517440623, 0.9990982170515733]
[-9.892089591841597e-05, -8.427624812875818e-06, 0.0, 0.0, 0.0, 0.04245884912201744, 0.9990982164588393]
[-9.874398450076287e-05, -8.412561136758048e-06, 0.0, 0.0, 0.0, 0.04245885372485157, 0.9990982162632319]
[-9.856667223739431e-05, -8.397463327095458e-06, 0.0, 0.0, 0.0, 0.04245886523478016, 0.9990982157740923]
[-9.840035852246543e-05, -8.383302018615233e-06, 0.0, 0.0, 0.0, 0.04245887449520707, 0.9990982153805502]
[-9.822425238730561e-05, -8.368306901674947e-06, 0.0, 0.0, 0.0, 0.04245887256786782, 0.9990982154624567]
[-9.805760090205797e-05, -8.354116832024361e-06, 0.0, 0.0, 0.0, 0.04245887621056843, 0.9990982153076521]
[-9.788168596834579e-05, -8.339137995947673e-06, 0.0, 0.0, 0.0, 0.04245887372446571, 0.9990982154133046]
GOAL [6.75, -0.580357551575, 0.0, 0.0, 0.0, 0.0, 1.0] 
[0.011501546722006257, 0.0009746773220280107, 0.0, 0.0, 0.0, 0.04152663202066215, 0.9991373973748658]
[0.16861198730111884, 0.010868288466043503, 0.0, 0.0, 0.0, 0.019084161635995488, 0.9998178808036248]
[0.32854332567280103, 0.013300031579646904, 0.0, 0.0, 0.0, -0.004814395726064105, 0.9999884107297409]
[0.49834014286007033, 0.009178472821231734, 0.0, 0.0, 0.0, -0.017952115136021084, 0.9998388477960551]
[0.6685333219759237, 0.000704428924957328, 0.0, 0.0, 0.0, -0.02839032711309801, 0.9995969134238117]
[0.8278204479352537, -0.010052450924210468, 0.0, 0.0, 0.0, -0.03884792104244733, 0.9992451346044572]
[0.9970096786230218, -0.025561383838554753, 0.0, 0.0, 0.0, -0.05745797161264321, 0.9983479260749535]
[1.1557157178324444, -0.04547532120882459, 0.0, 0.0, 0.0, -0.06376805720549834, 0.9979647463113295]
[1.3340873643818123, -0.06935400397785078, 0.0, 0.0, 0.0, -0.06744506259924023, 0.9977229893768033]
[1.492933184901548, -0.08900930187038848, 0.0, 0.0, 0.0, -0.05799251870057338, 0.9983170176726247]
[1.6516049085779836, -0.10904875144313393, 0.0, 0.0, 0.0, -0.0746891882490824, 0.9972068617687572]
[1.8295009084561964, -0.13597279218114713, 0.0, 0.0, 0.0, -0.07461986943530734, 0.9972120512135108]
[1.9880173528192813, -0.15694567826402073, 0.0, 0.0, 0.0, -0.050783398872274364, 0.9987096907505101]
[2.1472625155859184, -0.171793170351201, 0.0, 0.0, 0.0, -0.04307215291805312, 0.9990719641962754]
[2.3166801121843243, -0.18558111896866458, 0.0, 0.0, 0.0, -0.038030309765434415, 0.9992765861057413]
[2.476763353084344, -0.1969828531774413, 0.0, 0.0, 0.0, -0.032784521257777643, 0.9994624430992384]
[2.645810562942358, -0.2093277081895687, 0.0, 0.0, 0.0, -0.04770794569545724, 0.9988613276714238]
[2.8137449394013934, -0.2346459988539168, 0.0, 0.0, 0.0, -0.11240163236597779, 0.9936628568289466]
[2.98021281262099, -0.27068399886860217, 0.0, 0.0, 0.0, -0.10097617815729135, 0.9948888437633356]
[3.1475132729989435, -0.29744551221508186, 0.0, 0.0, 0.0, -0.05189060586934609, 0.9986527750036607]
[3.3071170095129814, -0.30822187840889326, 0.0, 0.0, 0.0, -0.01953288025237597, 0.9998092150950832]
[3.4670221186710375, -0.3137192187562519, 0.0, 0.0, 0.0, -0.01462008000402765, 0.9998931209187689]
[3.637461874564341, -0.3181288761286363, 0.0, 0.0, 0.0, -0.011597051855495743, 0.9999327519329793]
[3.807423533168855, -0.32170312574599935, 0.0, 0.0, 0.0, -0.009333656284636626, 0.9999564404814643]
[3.97689968047363, -0.3245507735954287, 0.0, 0.0, 0.0, -0.007715191965491587, 0.9999702374635635]
[4.136883139878857, -0.32683041641592214, 0.0, 0.0, 0.0, -0.006370926632372724, 0.9999797054409879]
[4.307371171514465, -0.32872272029732946, 0.0, 0.0, 0.0, -0.00465009569589957, 0.9999891882465625]
[4.476867119414019, -0.3298121757455353, 0.0, 0.0, 0.0, -0.0016614903829440743, 0.9999986197239011]
[4.6373654379066185, -0.3300063084287514, 0.0, 0.0, 0.0, 0.000268015768646849, 0.9999999640837732]
[4.80686456519374, -0.3295679292136194, 0.0, 0.0, 0.0, 0.002238971145744121, 0.999997493500963]
[4.977360544991739, -0.3284712885031396, 0.0, 0.0, 0.0, 0.00440772390912528, 0.9999902859377889]
REPLAN
[5.136850760571162, -0.3267805169581657, 0.0, 0.0, 0.0, 0.0062325234705888025, 0.9999805776369802]
[5.175241123360037, -0.3261874685091003, 0.0, 0.0, 0.0, 0.008292408640195783, 0.99996561738839]
[5.175228221637965, -0.3262060034839285, 0.0, 0.0, 0.0, 0.011206336082953692, 0.9999372070443203]
[5.175218347104623, -0.32622075255469263, 0.0, 0.0, 0.0, 0.013187613710030053, 0.9999130396412655]
[5.175088323368077, -0.3262362980090393, 0.0, 0.0, 0.0, 0.015632642403851996, 0.9998778027796563]
[5.1751967615917875, -0.3262433322773408, 0.0, 0.0, 0.0, 0.018050109372711055, 0.9998370835049244]
[5.175139822058387, -0.3262528716791459, 0.0, 0.0, 0.0, 0.020265083483047105, 0.999794642109781]
[5.175223442018406, -0.3262562968681619, 0.0, 0.0, 0.0, 0.022727794236227374, 0.9997416903226332]
[5.175251063483665, -0.3262599204565113, 0.0, 0.0, 0.0, 0.025038750352256632, 0.9996864813434246]
[5.175218255495442, -0.3262661473852379, 0.0, 0.0, 0.0, 0.028870141164636914, 0.9995831706011931]
[5.175242572596387, -0.32626804993170566, 0.0, 0.0, 0.0, 0.029767348052964566, 0.9995568543058937]
[5.175240551813563, -0.32627049864396857, 0.0, 0.0, 0.0, 0.03060512017734099, 0.999531553588445]
[5.175240568677957, -0.32627215939348997, 0.0, 0.0, 0.0, 0.03253954950681108, 0.9994704486466289]
[5.175227113374065, -0.32627431095665493, 0.0, 0.0, 0.0, 0.03306094006469837, 0.9994533377011847]
[5.175228720460252, -0.32627515256915257, 0.0, 0.0, 0.0, 0.03346639628335905, 0.9994398432721227]
[5.175231628363617, -0.3262755981075664, 0.0, 0.0, 0.0, 0.03452907550920539, 0.9994036936816272]
[5.1752300477640105, -0.3262762110288083, 0.0, 0.0, 0.0, 0.035014196979723966, 0.9993868150070148]
[5.175227900688865, -0.32627668858117104, 0.0, 0.0, 0.0, 0.035280613858738895, 0.9993774453557327]
[5.175213511568049, -0.3262779292983347, 0.0, 0.0, 0.0, 0.035309351495314355, 0.9993764304289853]
[5.17522042805927, -0.3262776293657567, 0.0, 0.0, 0.0, 0.036929982160348394, 0.9993178555482917]
[5.175215702082148, -0.3262781320284826, 0.0, 0.0, 0.0, 0.03714978301625308, 0.9993097085597864]
[5.175219990632091, -0.326277919978301, 0.0, 0.0, 0.0, 0.037200192781918114, 0.9993078332811107]
[5.1752168940154455, -0.32627821955832154, 0.0, 0.0, 0.0, 0.03795215343141687, 0.9992795575062657]
[5.175208479789033, -0.32627898473927225, 0.0, 0.0, 0.0, 0.04268858189147802, 0.999088427005385]
[5.175206119511914, -0.3262792975019227, 0.0, 0.0, 0.0, 0.04390686283626355, 0.9990356286919289]
[5.175208828634082, -0.32627913561445737, 0.0, 0.0, 0.0, 0.04412212530347793, 0.9990261448324084]
[5.175208674281684, -0.3262791979224121, 0.0, 0.0, 0.0, 0.04528948636079854, 0.9989739047768841]
[5.17520741735544, -0.32627935935233643, 0.0, 0.0, 0.0, 0.04586874017285978, 0.9989474754334958]
[5.175207617402158, -0.3262793678846231, 0.0, 0.0, 0.0, 0.046014738738218514, 0.9989407609157079]
[5.175208453460348, -0.3262793102121614, 0.0, 0.0, 0.0, 0.046139599491168456, 0.9989350015685678]
[5.175205080121937, -0.3262796445346622, 0.0, 0.0, 0.0, 0.048181074861986965, 0.9988386176080416]
[5.175204534348175, -0.3262797139758517, 0.0, 0.0, 0.0, 0.04902708284557884, 0.9987974495099858]
[5.1752043900662885, -0.32627973865675214, 0.0, 0.0, 0.0, 0.049340634262719, 0.9987820091544264]
[5.1752017123863725, -0.3262800138121114, 0.0, 0.0, 0.0, 0.05044538594324199, 0.9987268210261689]
[5.175197085860693, -0.3262805003065706, 0.0, 0.0, 0.0, 0.05237006432618228, 0.9986277466415959]
[5.1751975662847025, -0.326280457198043, 0.0, 0.0, 0.0, 0.05293607271924358, 0.9985979031647638]
[5.1751908368671335, -0.32628118131565126, 0.0, 0.0, 0.0, 0.054682679904955823, 0.9985037829264405]
[5.175184447312468, -0.32628191823164293, 0.0, 0.0, 0.0, 0.057684589650510695, 0.9983348577090014]
[5.175174515387429, -0.32628309966767494, 0.0, 0.0, 0.0, 0.06041596424136795, 0.9981732871925524]
[5.175172468722247, -0.32628335889931287, 0.0, 0.0, 0.0, 0.06241780211213419, 0.9980501079502424]
[5.1751696700863095, -0.32628371539907053, 0.0, 0.0, 0.0, 0.06429320399201362, 0.9979310516866591]
[5.1751685202992395, -0.32628387083622246, 0.0, 0.0, 0.0, 0.06661569970633124, 0.9977787072054785]
[5.175159155530185, -0.3262851499273965, 0.0, 0.0, 0.0, 0.06955489468480465, 0.9975781255748272]
[5.1751537267829475, -0.32628593648845167, 0.0, 0.0, 0.0, 0.07283249853235343, 0.9973441869071754]
[5.175137777492666, -0.3262883163765539, 0.0, 0.0, 0.0, 0.07584831199753246, 0.9971193677625186]
[5.175131598392605, -0.3262892807153272, 0.0, 0.0, 0.0, 0.0790721208491416, 0.9968688979521925]
[5.175130593232696, -0.32628944294819834, 0.0, 0.0, 0.0, 0.08275626637257583, 0.9965698171107087]
[5.175126485466712, -0.3262901496979197, 0.0, 0.0, 0.0, 0.08678152976816797, 0.9962273666644059]
[5.1751267675898625, -0.3262901064541922, 0.0, 0.0, 0.0, 0.0898357716177314, 0.9959565924968049]
[5.175115981509219, -0.326292125411097, 0.0, 0.0, 0.0, 0.09456621847732131, 0.9955185735700262]
[5.175108457433097, -0.3262935819978403, 0.0, 0.0, 0.0, 0.0974552077346868, 0.9952399120239245]
[5.1751082403582265, -0.3262936250449671, 0.0, 0.0, 0.0, 0.10088561498841583, 0.9948980313019063]
[5.175108319858744, -0.32629360859662593, 0.0, 0.0, 0.0, 0.10298173944211839, 0.9946832467381139]
[5.175108469183693, -0.3262935770638636, 0.0, 0.0, 0.0, 0.10457948596033559, 0.9945165313438847]
[5.175108856869921, -0.3262934940635195, 0.0, 0.0, 0.0, 0.10556952270976745, 0.9944119246443256]
[5.175109393289773, -0.32629337859291396, 0.0, 0.0, 0.0, 0.10649054217259314, 0.9943137152970319]
[5.175109968514353, -0.3262932529731417, 0.0, 0.0, 0.0, 0.10755354733708962, 0.9941992931274939]
[5.175110115156549, -0.3262932209210378, 0.0, 0.0, 0.0, 0.11198410032484153, 0.9937099985782752]
[5.175109889032665, -0.3262932731793082, 0.0, 0.0, 0.0, 0.11599751882496968, 0.9932495032097679]
[5.175109748553321, -0.3262933064222645, 0.0, 0.0, 0.0, 0.1184690231727277, 0.9929577486220145]
[5.17510938005952, -0.32629339642251026, 0.0, 0.0, 0.0, 0.12133140776606705, 0.9926120538707478]
[5.17510956576326, -0.326293349865721, 0.0, 0.0, 0.0, 0.12364356112618037, 0.992326695091912]
[5.175108698715235, -0.32629357180507407, 0.0, 0.0, 0.0, 0.12630569084440144, 0.9919913671299355]
[5.1751086870288345, -0.32629357455065255, 0.0, 0.0, 0.0, 0.1297670543247893, 0.9915445081345906]
[5.175108826779324, -0.32629353122150434, 0.0, 0.0, 0.0, 0.1372965820108755, 0.9905299836795103]
[5.185289967660951, -0.3233765100899402, 0.0, 0.0, 0.0, 0.14260421306801255, 0.9897797928909505]
REPLAN
[5.301247126680207, -0.2889175346710583, 0.0, 0.0, 0.0, 0.14527283389774828, 0.9893916331419612]
[5.464153706602201, -0.23977013977559622, 0.0, 0.0, 0.0, 0.14649883188921217, 0.9892108431750515]
[5.626531148736754, -0.1901090969552119, 0.0, 0.0, 0.0, 0.14947304803330422, 0.9887658003347575]
[5.789216452551312, -0.13926494873836975, 0.0, 0.0, 0.0, 0.15240690534444964, 0.9883178310661647]
[5.94166530377845, -0.09067986691017002, 0.0, 0.0, 0.0, 0.15491892740438767, 0.9879271865536823]
[6.10280338921964, -0.037936237311526566, 0.0, 0.0, 0.0, 0.16012774645189248, 0.987096299666977]
[6.2549402458948355, 0.01303526058293577, 0.0, 0.0, 0.0, 0.1615361294787396, 0.9868667989516254]
[6.3912194774358015, 0.05908032784562031, 0.0, 0.0, 0.0, 0.16247715446044672, 0.9867123057297077]
[6.471625237989937, 0.08621868081016554, 0.0, 0.0, 0.0, 0.16128792649425075, 0.9869073942205445]
[6.547191129927163, 0.11162784768063785, 0.0, 0.0, 0.0, 0.16175490965116265, 0.9868309628319047]
[6.627687401505645, 0.13878695330