[-0.00012351901384772713, -1.0399469454712971e-05, 0.0, 0.0, 0.0, 0.04191802600034748, 0.9991210532744439]
[-0.00012335149578164117, -1.0385388210763501e-05, 0.0, 0.0, 0.0, 0.04191803996788566, 0.9991210526884371]
[-0.00012318397103452074, -1.0371306420617315e-05, 0.0, 0.0, 0.0, 0.041918041016232234, 0.9991210526444538]
[-0.00012301663246246732, -1.0357240289561038e-05, 0.0, 0.0, 0.0, 0.04191803594321019, 0.999121052857292]
[-0.00012283899924897507, -1.034230881794121e-05, 0.0, 0.0, 0.0, 0.04191804245195946, 0.999121052584218]
[-0.00012266139700240676, -1.0327379953046923e-05, 0.0, 0.0, 0.0, 0.04191805938992209, 0.999121051873587]
[-0.00012248392030822156, -1.0312461640611838e-05, 0.0, 0.0, 0.0, 0.0419180573836387, 0.9991210519577605]
[-0.00012231701488572155, -1.0298431924789057e-05, 0.0, 0.0, 0.0, 0.04191807992101774, 0.999121051012206]
[-0.00012215014852359787, -1.0284405490570671e-05, 0.0, 0.0, 0.0, 0.04191807980727475, 0.9991210510169781]
[-0.00012196256919535052, -1.0268637967329083e-05, 0.0, 0.0, 0.0, 0.04191809070381323, 0.9991210505598143]
[-0.00012178552076010831, -1.0253755646276234e-05, 0.0, 0.0, 0.0, 0.04191809908124238, 0.9991210502083394]
[-0.00012161896423131929, -1.0239755249255635e-05, 0.0, 0.0, 0.0, 0.04191811117833947, 0.999121049700806]
[-0.00012144208699978233, -1.022488731247952e-05, 0.0, 0.0, 0.0, 0.041918120155843994, 0.9991210493241548]
[-0.00012126532580208573, -1.0210029124410414e-05, 0.0, 0.0, 0.0, 0.041918134280221404, 0.9991210487315665]
[-0.0001210990409885571, -1.0196051557103215e-05, 0.0, 0.0, 0.0, 0.041918142968537325, 0.9991210483670481]
[-0.0001209328427191677, -1.0182081264526638e-05, 0.0, 0.0, 0.0, 0.04191813066270267, 0.9991210488833395]
GOAL [6.75, -0.580357551575, 0.0, 0.0, 0.0, 0.0, 1.0] 
[-0.00012075634915747765, -1.016724557166441e-05, 0.0, 0.0, 0.0, 0.041917988485174834, 0.9991210548483886]
[0.12879799623771668, 0.00892348785202809, 0.0, 0.0, 0.0, 0.024761937557290573, 0.9996933762151317]
[0.2885236672219785, 0.013128787977049854, 0.0, 0.0, 0.0, 0.0007055288897155322, 0.9999997511144619]
[0.45988334292571437, 0.009961200345110353, 0.0, 0.0, 0.0, -0.015415985960511263, 0.9998811666277475]
[0.6283642821261498, 0.0021241619515109593, 0.0, 0.0, 0.0, -0.033474902782732914, 0.9994395583944466]
[0.7891529961685374, -0.010705508404094403, 0.0, 0.0, 0.0, -0.042478889049063655, 0.9990973646172616]
[0.9570734983350038, -0.025822013879025364, 0.0, 0.0, 0.0, -0.05172968827238522, 0.9986611233803195]
[1.125634202578929, -0.04669284795206811, 0.0, 0.0, 0.0, -0.06781717780042448, 0.9976977650547212]
[1.2938679395269814, -0.07077928600200739, 0.0, 0.0, 0.0, -0.07273145385805531, 0.9973515606944693]
[1.452420233729575, -0.09204998588264597, 0.0, 0.0, 0.0, -0.05565919718405547, 0.9984498253637117]
[1.6227166191680222, -0.11189739521512784, 0.0, 0.0, 0.0, -0.06358365156898263, 0.9979765123754939]
[1.77946439180414, -0.13518552314006682, 0.0, 0.0, 0.0, -0.08827789784547113, 0.996095885320276]
[1.9561095425786494, -0.16858082080263534, 0.0, 0.0, 0.0, -0.08729999782511642, 0.9961820668832253]
[2.1140574408769397, -0.1942419217324063, 0.0, 0.0, 0.0, -0.07931876693329776, 0.9968493031608043]
[2.283265718992324, -0.22070468916438107, 0.0, 0.0, 0.0, -0.07276780435813905, 0.9973489091831883]
[2.4415112290403185, -0.2438589654104335, 0.0, 0.0, 0.0, -0.07375937476038702, 0.9972760674131095]
[2.608639398787262, -0.26422215905250407, 0.0, 0.0, 0.0, -0.03473317698673922, 0.9993966211752008]
[2.7683390982933767, -0.27369392789804897, 0.0, 0.0, 0.0, -0.03173160627584862, 0.9994964257880838]
[2.947870512704573, -0.2863640506553699, 0.0, 0.0, 0.0, -0.036382277429587315, 0.9993379457866276]
[3.107572388785496, -0.2955340737126946, 0.0, 0.0, 0.0, -0.0023713148157812488, 0.9999971884290698]
[3.2674100382003908, -0.28955966048765747, 0.0, 0.0, 0.0, 0.04347784261831531, 0.9990543915129231]
[3.445407558108131, -0.26353745343089835, 0.0, 0.0, 0.0, 0.09777331148486483, 0.9952087115581755]
[3.6020883461004876, -0.23113540283988201, 0.0, 0.0, 0.0, 0.10287202369104641, 0.9946945997348677]
[3.768450870563895, -0.19614124906562375, 0.0, 0.0, 0.0, 0.10378015609620136, 0.9946002610097426]
[3.926453531291133, -0.16272724994544868, 0.0, 0.0, 0.0, 0.10426252928150616, 0.9945498102095355]
[4.09127068097467, -0.12768665840766902, 0.0, 0.0, 0.0, 0.1048064809708317, 0.9944926352399552]
[4.249164816301381, -0.09375664368299494, 0.0, 0.0, 0.0, 0.10651838533077006, 0.9943107329132708]
[4.423591631485782, -0.05583133284475508, 0.0, 0.0, 0.0, 0.1071519600296882, 0.9942426552214485]
[4.5798930087532845, -0.021633361178378108, 0.0, 0.0, 0.0, 0.10787784633520389, 0.9941641566009499]
[4.736158933637527, 0.01273359331504418, 0.0, 0.0, 0.0, 0.10809799602009025, 0.9941402432536571]
[4.903632778331177, 0.04967205781358663, 0.0, 0.0, 0.0, 0.10865045389068949, 0.9940800163313551]
[5.077889002200877, 0.08836613299016291, 0.0, 0.0, 0.0, 0.10949683772815264, 0.9939871440454019]
REPLAN
[5.139344568922494, 0.10220405104029952, 0.0, 0.0, 0.0, 0.11023897221023793, 0.9939051106650123]
[5.1393089977083655, 0.10217868782594967, 0.0, 0.0, 0.0, 0.1113392726915008, 0.9937824542406288]
[5.139351989872895, 0.10216431498608179, 0.0, 0.0, 0.0, 0.13041429588684705, 0.9914595863817839]
[5.1393339461015675, 0.10213422848421742, 0.0, 0.0, 0.0, 0.1333911080720581, 0.9910634754077604]
[5.139431113755899, 0.10214214087710802, 0.0, 0.0, 0.0, 0.13427650390622853, 0.9909439038102614]
[5.139444760368147, 0.1021346510394068, 0.0, 0.0, 0.0, 0.13504692983825042, 0.9908392032722881]
[5.139334049571549, 0.10209584070699114, 0.0, 0.0, 0.0, 0.13578641303409542, 0.9907381339361749]
[5.139333489944046, 0.10209018771737063, 0.0, 0.0, 0.0, 0.13633686359166952, 0.9906625356931524]
[5.139405349742727, 0.10210622197956153, 0.0, 0.0, 0.0, 0.13701375853476158, 0.9905691444680569]
[5.139350104503816, 0.10208786090645666, 0.0, 0.0, 0.0, 0.13803971583190408, 0.990426694335854]
[5.13939481829566, 0.10209844501283638, 0.0, 0.0, 0.0, 0.13876570977218888, 0.9903252383896013]
[5.1393896832701795, 0.10209555515703983, 0.0, 0.0, 0.0, 0.1427084058815268, 0.9897647755354569]
[5.139385298095225, 0.1020882889578719, 0.0, 0.0, 0.0, 0.18699746260452071, 0.9823603966872193]
[5.139386201280881, 0.10208295272310851, 0.0, 0.0, 0.0, 0.18970404875814798, 0.9818413180778074]
[5.139390820300639, 0.10208135878199248, 0.0, 0.0, 0.0, 0.18989803862883325, 0.9818038169231785]
[5.1393987176632745, 0.10208186304322461, 0.0, 0.0, 0.0, 0.19029741760748137, 0.9817264857647082]
[5.1393960438646005, 0.1020793841850269, 0.0, 0.0, 0.0, 0.19076886621678266, 0.9816349829149139]
[5.139396458411985, 0.10207845245942486, 0.0, 0.0, 0.0, 0.1922551386182487, 0.9813449758748847]
[5.139395897409779, 0.10207747792380653, 0.0, 0.0, 0.0, 0.19272865498934225, 0.9812520907218486]
[5.139396370750475, 0.10207719711593709, 0.0, 0.0, 0.0, 0.19323149281023855, 0.9811531940458262]
[5.139393872973503, 0.10207583126642068, 0.0, 0.0, 0.0, 0.19387864974601046, 0.9810255191240765]
[5.139399094677515, 0.10207770173360091, 0.0, 0.0, 0.0, 0.19564267784235237, 0.9806752482889907]
[5.139398663585429, 0.10207733999546739, 0.0, 0.0, 0.0, 0.1960882995728715, 0.9805862423931002]
[5.139396050687044, 0.10207613403438263, 0.0, 0.0, 0.0, 0.19678111921440966, 0.9804474443440221]
[5.1393973150546985, 0.10207657042116013, 0.0, 0.0, 0.0, 0.19734282880757792, 0.9803345387765459]
[5.1393995612422625, 0.1020774393684501, 0.0, 0.0, 0.0, 0.19804059092355833, 0.980193819785989]
[5.139399949561868, 0.10207755772131318, 0.0, 0.0, 0.0, 0.19879717847214884, 0.9800406531524662]
[5.139400281567966, 0.10207766340294609, 0.0, 0.0, 0.0, 0.1997618072914201, 0.9798444878385884]
[5.139375892207947, 0.10206719115103553, 0.0, 0.0, 0.0, 0.20554084350637794, 0.9786485383684413]
[5.1393767366129435, 0.10206741469576472, 0.0, 0.0, 0.0, 0.2538314647829046, 0.9672484621265444]
[5.139377495888752, 0.10206765144519332, 0.0, 0.0, 0.0, 0.26970262506407644, 0.9629436608823728]
[5.139362465652231, 0.10205836286672723, 0.0, 0.0, 0.0, 0.27340765621085583, 0.961898255287578]
[5.139362883729129, 0.10205851295856504, 0.0, 0.0, 0.0, 0.2739314126885846, 0.9617492298631886]
[5.139363934225854, 0.10205910897201985, 0.0, 0.0, 0