[0.00029166870968075055, 2.4667225865285008e-05, 0.0, 0.0, 0.0, 0.042103387721567506, 0.9991132592165752]
[0.00029166870968075055, 2.4667225865285008e-05, 0.0, 0.0, 0.0, 0.042103387721567506, 0.9991132592165752]
[0.000291836098533374, 2.468135870031147e-05, 0.0, 0.0, 0.0, 0.0421033847143211, 0.9991132593433029]
[0.0002920243412826941, 2.469725227191116e-05, 0.0, 0.0, 0.0, 0.042103387254284454, 0.9991132592362668]
[0.00029219150345873105, 2.4711365997228297e-05, 0.0, 0.0, 0.0, 0.04210339575821582, 0.9991132588779047]
[0.00029235856655753715, 2.4725471368316962e-05, 0.0, 0.0, 0.0, 0.04210340799864958, 0.9991132583620834]
[0.00029253759452269593, 2.474058695662428e-05, 0.0, 0.0, 0.0, 0.042103421741197716, 0.9991132577829617]
[0.0002927133071855561, 2.4755422638700966e-05, 0.0, 0.0, 0.0, 0.04210342485750005, 0.9991132576516383]
[0.00029289209502086693, 2.4770517964661472e-05, 0.0, 0.0, 0.0, 0.04210343246375636, 0.9991132573311046]
[0.000293058784809383, 2.4784591838907162e-05, 0.0, 0.0, 0.0, 0.04210344022033473, 0.999113257004236]
[0.00029323578960860445, 2.4799536628698354e-05, 0.0, 0.0, 0.0, 0.04210345086762338, 0.9991132565555507]
[0.0002934007209055204, 2.481346203752051e-05, 0.0, 0.0, 0.0, 0.04210345597739333, 0.9991132563402207]
[0.00029357910582102705, 2.482852335926189e-05, 0.0, 0.0, 0.0, 0.0421034675013111, 0.9991132558545933]
[0.0002937542556648201, 2.4843311544237903e-05, 0.0, 0.0, 0.0, 0.04210347515799875, 0.9991132555319341]
[0.00029392205715122116, 2.4857479297448077e-05, 0.0, 0.0, 0.0, 0.04210347572840711, 0.9991132555078965]
[0.0002941074062008895, 2.4873128618690213e-05, 0.0, 0.0, 0.0, 0.04210347523096351, 0.9991132555288593]
GOAL [6.75, -0.580357551575, 0.0, 0.0, 0.0, 0.0, 1.0] 
[0.0002942734625133289, 2.488714902341516e-05, 0.0, 0.0, 0.0, 0.042103473292034954, 0.9991132556105674]
[0.0794186872929735, 0.006066046694735912, 0.0, 0.0, 0.0, 0.03225176209808376, 0.9994797766045938]
[0.2506368943471507, 0.012832471018726446, 0.0, 0.0, 0.0, 0.006363547414772992, 0.9999797524271679]
[0.4191967412642055, 0.011141819234565968, 0.0, 0.0, 0.0, -0.0135680765156234, 0.9999079494131778]
[0.5890956910002545, 0.0045810244148256195, 0.0, 0.0, 0.0, -0.02819249946881493, 0.9996025124886896]
[0.7486164216353064, -0.0076560034383761815, 0.0, 0.0, 0.0, -0.049111111371828046, 0.9987933213332095]
[0.9176060797079575, -0.02598591984770157, 0.0, 0.0, 0.0, -0.057832096860840176, 0.9983263236901441]
[1.0773906573983045, -0.04885456688574546, 0.0, 0.0, 0.0, -0.07978419776654508, 0.9968121597305828]
[1.2452500216267626, -0.07598443886743288, 0.0, 0.0, 0.0, -0.08321401282256798, 0.9965316994807368]
[1.4106603521235244, -0.10847444500124785, 0.0, 0.0, 0.0, -0.10496305281775127, 0.9944761221583844]
[1.5786261699221409, -0.142825183297806, 0.0, 0.0, 0.0, -0.09186071567939785, 0.995771865898444]
[1.734284200976344, -0.17202668140972377, 0.0, 0.0, 0.0, -0.09067254027069294, 0.9958807611561032]
[1.9113550188346393, -0.20461651186591778, 0.0, 0.0, 0.0, -0.0892461288630476, 0.9960096026057983]
[2.0687922178336757, -0.23200782263657344, 0.0, 0.0, 0.0, -0.08175089055942368, 0.9966527940525433]
[2.22676811928097, -0.25656651097558436, 0.0, 0.0, 0.0, -0.07302872775645117, 0.9973298375774556]
[2.394963542426971, -0.27941849620900844, 0.0, 0.0, 0.0, -0.0594716983248658, 0.9982299920851688]
[2.5539059234171115, -0.29744018621290363, 0.0, 0.0, 0.0, -0.054516594436797586, 0.9985128646797765]
[2.7226901281936926, -0.3166658288675662, 0.0, 0.0, 0.0, -0.058750479652839964, 0.9982726987855379]
[2.893209073635776, -0.33487391407863615, 0.0, 0.0, 0.0, -0.046044525846891345, 0.998939388371254]
[3.0529610488798427, -0.3426226257121795, 0.0, 0.0, 0.0, -0.012934001655768006, 0.9999163523021156]
[3.220912991510295, -0.3548151544132213, 0.0, 0.0, 0.0, -0.06937146144650998, 0.9975908982828459]
[3.3884956008235374, -0.38326040551559987, 0.0, 0.0, 0.0, -0.08732061458025109, 0.9961802599275531]
[3.547764809561604, -0.40943291960519484, 0.0, 0.0, 0.0, -0.0548989470377051, 0.9984919156478691]
[3.7172068081694807, -0.4228835867782906, 0.0, 0.0, 0.0, -0.03489850832583547, 0.9993908615334801]
[3.886743575618701, -0.4348724589302233, 0.0, 0.0, 0.0, -0.03946912150323698, 0.9992207906402683]
[4.044706638475867, -0.4481152619074593, 0.0, 0.0, 0.0, -0.04176237351978449, 0.9991275715132648]
[4.215507890207667, -0.462158690448142, 0.0, 0.0, 0.0, -0.03753593582003497, 0.9992952784448219]
[4.383663147220315, -0.472492848731779, 0.0, 0.0, 0.0, -0.025107888114879594, 0.9996847472850682]
[4.553524507186936, -0.4797446178723802, 0.0, 0.0, 0.0, -0.019584585235787964, 0.9998082036176449]
[4.713413512992222, -0.486092533346985, 0.0, 0.0, 0.0, -0.020102982711179423, 0.9997979146238074]
[4.883288532686441, -0.4929943672177822, 0.0, 0.0, 0.0, -0.02058429987579347, 0.9997881208529252]
[5.053164802808306, -0.500083289544268, 0.0, 0.0, 0.0, -0.02114927743413826, 0.9997763290176528]
REPLAN
[5.162315919048571, -0.5047366433692483, 0.0, 0.0, 0.0, -0.022390430408759085, 0.9997493028885344]
[5.16202161359791, -0.504726669298109, 0.0, 0.0, 0.0, -0.02474918936428421, 0.9996936919005796]
[5.161875580581438, -0.5047058659467517, 0.0, 0.0, 0.0, -0.03338647689359555, 0.9994425161862154]
[5.162118995815644, -0.5047233335011638, 0.0, 0.0, 0.0, -0.02833366854487605, 0.9995985210207091]
[5.162080066997819, -0.5047327482461368, 0.0, 0.0, 0.0, -0.0006997269897056646, 0.99999975519104]
[5.162015244552108, -0.5047721760958943, 0.0, 0.0, 0.0, 0.050128548480431384, 0.9987427740050213]
[5.16163765459839, -0.5048586977938107, 0.0, 0.0, 0.0, 0.08745698255372217, 0.9961682971278487]
[5.161681192844327, -0.5048952272363139, 0.0, 0.0, 0.0, 0.11520768180351076, 0.9933414267277193]
[5.166208361911404, -0.5036023473638817, 0.0, 0.0, 0.0, 0.17275999020386554, 0.984963951515364]
[5.267669725643457, -0.4546823465642141, 0.0, 0.0, 0.0, 0.3014722113500639, 0.9534749633753906]
REPLAN
[5.341572543221558, -0.3820579389744942, 0.0, 0.0, 0.0, 0.4495994315037939, 0.8932302901220185]
[5.385713619349572, -0.3135949630370054, 0.0, 0.0, 0.0, 0.45038227052583907, 0.8928358249958331]
[5.385755325606426, -0.31364751566324856, 0.0, 0.0, 0.0, 0.33313413816585463, 0.942879444037515]
[5.490299706832142, -0.2572638667153556, 0.0, 0.0, 0.0, 0.1959819883242519, 0.9806074955110596]
[5.652706151800625, -0.20713742664191281, 0.0, 0.0, 0.0, 0.1028451142358953, 0.9946973823619953]
[5.811243047118234, -0.18692475041213388, 0.0, 0.0, 0.0, 0.0404488850969896, 0.9991816089652624]
[5.970814927216099, -0.1748674552567596, 0.0, 0.0, 0.0, 0.03745413860733607, 0.9992983475925408]
[6.150452530026823, -0.1628193877950237, 0.0, 0.0, 0.0, 0.03222692821066188, 0.9994805776492632]
[6.320176403513241, -0.15408721911687173, 0.0, 0.0, 0.0, 0.014845188595045173, 0.9998898041162224]
[6.461168841682167, -0.153822524658422, 0.0, 0.0, 0.0, -0.01889450177646188, 0.9998214829671441]
[6.545010806556352, -0.16245067465204638, 0.0, 0.0, 0.0, -0.08549613770274299, 0.9963385019349165]
[6.62738652671458, -0.18271732992139245, 0.0, 0.0, 0.0, -0.16707697593926654, 0.9859438544415142]
[6.699695715424352, -0.21690674140251515, 0.0, 0.0, 0.0, -0.2721404123377546, 0.9622575517877929]
REPLAN
[6.76891074297592, -0.266057530023263, 0.0, 0.0, 0.0, -0.33196232892791433, 0.9432926439725665]
[6.830680147634811, -0.31679765498846674, 0.0, 0.0, 0.0, -0.34140398214375495, 0.939916656399059]
[6.894908266726128, -0.372402201076983, 0.0, 0.0, 0.0, -0.35282327404539, 0.9356899792623043]
[6.95477777418114, -0.422953336288082, 0.0, 0.0, 0.0, -0.32962471078405486, 0.9441120431604123]
[6.955204588193685, -0.42347294876062486, 0.0, 0.0, 0.0, -0.35895879714546053, 0.9333534067821706]
[6.955197915891982, -0.4233485616506451, 0.0, 0.0, 0.0, -0.3872146221734086, 0.9219896075201197]
[6.955259756412184, -0.423306184530851, 0.0, 0.0, 0.0, -0.41913833989330135, 0.9079223821624222]
[6.955197710664006, -0.4231156181321006, 0.0, 0.0, 0.0, -0.4694109177153189, 0.8829798357435248]
[6.9552556207886, -0.4230668884060949, 0.0, 0.0, 0.0, -0.5222037209160493, 0.8528207747595229]
REPLAN
[6.955290671654005, -0.4229965632335734, 0.0, 0.0, 0.0, -0.5795408094305092, 0.8149432190064717]
[6.955314202292945, -0.42294114812008043, 0.0, 0.0, 0.0, -0.5508036822207133, 0.8346348325178523]
[6.955308755919755, -0.42289896471616806, 0.0, 0.0, 0.0, -0.5117387869110807, 0.8591410908405996]
[6.955309136013569, -0.4228897542697959, 0.0, 0.0, 0.0, -0.4782787925944377, 0.8782080599461649]
[6.955286302313465, -0.4228581157878706, 0.0, 0.0, 0.0, -0.451396272390596, 0.8923235989661346]
[6.955245808039698, -0.4228110690918059, 0.0, 0.0, 0.0, -0.43228123730228574, 0.901738837954984]
[6.955237617216723, -0.42280452403390534, 0.0, 0.0, 0.0, -0.4330273386653269, 0.9013807874413701]
[6.955219829407063, -0.4227845178640875, 0.0, 0.0, 0.0, -0.4327659900703943, 0.9015062938429168]
[6.95520422468999, -0.4227666485196711, 0.0, 0.0, 0.0, -0.43267191997061893, 0.9015514459358037]
[6.955185292418467, -0.422743933410107, 0.0, 0.0, 0.0, -0.43284964299352946, 0.9014661316768224]
[6.955186542179366, -0.4227461585606671, 0.0, 0.0, 0.0, -0.43334884564168513, 0.9012262634771686]
[6.9551713058243125, -0.4227274229853936, 0.0, 0.0, 0.0, -0.43384402771404684, 0.9009879908283203]
[6.955169022294773, -0.42272481318730654, 0.0, 0.0, 0.0, -0.4337883424092204, 0.901014802314513]
[6.955166647892097, -0.4227219914343974, 0.0, 0.0, 0.0, -0.4337605430012412, 0.9010281856497434]
[6.9551646790803945, -0.42271963278053115, 0.0, 0.0, 0.0, -0.43384245259921067, 0.9009887492764278]
[6.955162438009987, -0.42271688735185814, 0.0, 0.0, 0.0, -0.43395326717933325, 0.900935381647531]
[6.955154894154422, -0.4227074657672549, 0.0, 0.0, 0.0, -0.43399999130628086, 0.9009128745589932]
[6.955152797028744, -0.42270486223603404, 0.0, 0.0, 0.0, -0.4339908905004946, 0.9009172586661817]
[6.955150661900865, -0.42270220344956955, 0.0, 0.0, 0.0, -0.43399655339940535, 0.9009145307061248]
[6.955148034474375, -0.42269891825845174, 0.0, 0.0, 0.0, -0.4340151178271685, 0.9009055874493559]
[6.955146918465169, -0.4226975270685592, 0.0, 0.0, 0.0, -0.4340557553316435, 0.9008860090285987]
[6.955144144826433, -0.42269404967503843, 0.0, 0.0, 0.0, -0.4340574880675993, 0.9008851741772899]
[6.955141655311575, -0.42269092888648874, 0.0, 0.0, 0.0, -0.43405821397919003, 0.9008848244238525]
[6.955139562201143, -0.42268830415065795, 0.0, 0.0, 0.0, -0.434060485368716, 0.9008837300348335]
[6.955137033187286, -0.42268513154535414, 0.0, 0.0, 0.0, -0.43406469073264414, 0.9008817038097588]
[6.955134448824672, -0.4226818890165306, 0.0, 0.0, 0.0, -0.43406918024832875, 0.9008795406482177]
[6.955131894726513, -0.42267868417770726, 0.0, 0.0, 0.0, -0.4340741788094256, 0.9008771321833643]
[6.955129084339757, -0.42267515727540084, 0.0, 0.0, 0.0, -0.4340827721578342, 0.9008729915563957]
[6.955124855146628, -0.4226698492877643, 0.0, 0.0, 0.0, -0.434094697223315, 0.9008672454044483]
[6.955122212168581, -0.4226665320156371, 0.0, 0.0, 0.0, -0.43409898986223827, 0.9008651769274825]
[6.955118669190538, -0.42266208488258367, 0.0, 0.0, 0.0, -0.43410693758944496, 0.9008613471210283]
[6.955115891283644, -0.422658598018211, 0.0, 0.0, 0.0, -0.4341103158369511, 0.9008597192037963]
[6.955113015049417, -0.42265498761643433, 0.0, 0.0, 0.0, -0.4341131063064463, 0.9008583745145338]
[6.955110163786715, -0.4226514084875544, 0.0, 0.0, 0.0, -0.4341190607506619, 0.9008555051133135]
[6.955107444343843, -0.42264799475237413, 0.0, 0.0, 0.0, -0.43412185802707437, 0.9008541571104175]
[6.955104772609488, -0.42264464084267883, 0.0, 0.0, 0.0, -0.43412514226921467, 0.9008525744258792]
[6.955102013489523, -0.42264117717417504, 0.0, 0.0, 0.0, -0.43412965233922257, 0.9008504009877699]
[6.955097995456637, -0.42263613301297165, 0.0, 0.0, 0.0, -0.43413565337816157, 0.9008475089968982]
[6.955093353234609, -0.4226303050836752, 0.0, 0.0, 0.0, -0.43414270352513973, 0.9008441113621616]
[6.955089606023592, -0.4226256006145415, 0.0, 0.0, 0.0, -0.4341488589333289, 0.9008411448678887]
[6.955085544162292, -0.4226205009496087, 0.0, 0.0, 0.0, -0.434156918396059, 0.9008372606685614]
[6.955081486639002, -0.4226154065496566, 0.0, 0.0, 0.0, -0.43416466106623125, 0.9008335290614158]
[6.955077368046319, -0.42261023530236297, 0.0, 0.0, 0.0, -0.43417181699545204, 0.9008300801632169]
[6.955073330875427, -0.4226051661358986, 0.0, 0.0,