[0.00030291384030779137, 2.5440329990486664e-05, 0.0, 0.0, 0.0, 0.04182376791542504, 0.9991250034091613]
[0.0003030706651186306, 2.5453482487538612e-05, 0.0, 0.0, 0.0, 0.041823765621769225, 0.9991250035051746]
[0.00030324854390241366, 2.546840074051633e-05, 0.0, 0.0, 0.0, 0.04182376982312332, 0.9991250033293043]
[0.00030342611872931726, 2.5483293519453497e-05, 0.0, 0.0, 0.0, 0.04182377504606185, 0.99912500311067]
[0.00030359325674392544, 2.5497310998702512e-05, 0.0, 0.0, 0.0, 0.041823789127591555, 0.9991250025212114]
[0.0003037764692781953, 2.551267661920482e-05, 0.0, 0.0, 0.0, 0.041823802552015385, 0.9991250019592594]
[0.0003039480368353254, 2.5527065611148538e-05, 0.0, 0.0, 0.0, 0.04182380416807903, 0.9991250018916102]
[0.0003041148242265584, 2.554105370279866e-05, 0.0, 0.0, 0.0, 0.04182381119524256, 0.9991250015974501]
[0.0003043023032059023, 2.5556777157408208e-05, 0.0, 0.0, 0.0, 0.041823816774118686, 0.9991250013639159]
[0.0003044689582594224, 2.557075415716321e-05, 0.0, 0.0, 0.0, 0.04182382693526228, 0.9991250009385658]
[0.00030463547568893473, 2.558471961828103e-05, 0.0, 0.0, 0.0, 0.04182382975862031, 0.9991250008203788]
[0.0003048122872298468, 2.5599548426501773e-05, 0.0, 0.0, 0.0, 0.0418238357101509, 0.999125000571245]
[0.0003049786453481236, 2.5613500532688027e-05, 0.0, 0.0, 0.0, 0.041823848833013016, 0.9991250000219158]
[0.00030516568474898444, 2.562918713705724e-05, 0.0, 0.0, 0.0, 0.04182384621481855, 0.9991250001315147]
[0.00030533183146680447, 2.564312151448658e-05, 0.0, 0.0, 0.0, 0.04182384613289741, 0.999125000134944]
GOAL [6.75, -0.580357551575, 0.0, 0.0, 0.0, 0.0, 1.0] 
[0.000305497914824927, 2.5657050578111535e-05, 0.0, 0.0, 0.0, 0.04182384081358443, 0.9991250003576129]
[0.02153434375658777, 0.001773681136393764, 0.0, 0.0, 0.0, 0.039375358522209136, 0.9992244898626371]
[0.18954809721660185, 0.011294825249788993, 0.0, 0.0, 0.0, 0.015160685561737927, 0.9998850702022198]
[0.35961365616625607, 0.012287667558475672, 0.0, 0.0, 0.0, -0.010084579222090837, 0.9999491493380618]
[0.5195056412751762, 0.007416273399965688, 0.0, 0.0, 0.0, -0.021330993160163222, 0.9997724684801043]
[0.6892083147670155, -0.0031158374141853017, 0.0, 0.0, 0.0, -0.03977425809797603, 0.9992086911114992]
[0.8587272664903927, -0.016969807172133547, 0.0, 0.0, 0.0, -0.043704554196039365, 0.9990444994806414]
[1.0178054471617448, -0.03400120552379282, 0.0, 0.0, 0.0, -0.06571346605100524, 0.9978385342226284]
[1.1860800915951952, -0.05751587195735551, 0.0, 0.0, 0.0, -0.07009955794331577, 0.9975400001885396]
[1.3595207352798355, -0.08388236003792734, 0.0, 0.0, 0.0, -0.0819123579601653, 0.9966395364490643]
[1.5119388840423367, -0.10939331924128594, 0.0, 0.0, 0.0, -0.0838634342843136, 0.9964772573370857]
[1.6786479910631569, -0.14257420696612347, 0.0, 0.0, 0.0, -0.10371286952226991, 0.9946072796312405]
[1.8450155524849872, -0.17683461399312453, 0.0, 0.0, 0.0, -0.10109100253116513, 0.9948771829764939]
[2.0020599460780613, -0.2074052745257926, 0.0, 0.0, 0.0, -0.09051799274447128, 0.9958948202443428]
[2.1792811912880676, -0.23815033002767533, 0.0, 0.0, 0.0, -0.07897347748075308, 0.99687671748045]
[2.3375041820498574, -0.26089604861581805, 0.0, 0.0, 0.0, -0.06309598292360787, 0.9980074633683377]
[2.4962280236454855, -0.280063913808481, 0.0, 0.0, 0.0, -0.05798618906973005, 0.998317385342542]
[2.6649288848933392, -0.2998144553728957, 0.0, 0.0, 0.0, -0.060487212849907775, 0.9981689722094401]
[2.8237728758988503, -0.3190937792763323, 0.0, 0.0, 0.0, -0.05881927827025845, 0.9982686474610759]
[2.9932025452260134, -0.33186567064494854, 0.0, 0.0, 0.0, -0.03385843448024076, 0.9994266388357613]
[3.1623063971404908, -0.34880300275839254, 0.0, 0.0, 0.0, -0.05838510404188712, 0.9982941348250114]
[3.3309215428656915, -0.370152073610155, 0.0, 0.0, 0.0, -0.06711581539083421, 0.9977451915817102]
[3.4898408993762495, -0.38764949989624736, 0.0, 0.0, 0.0, -0.018173693415416886, 0.9998348447957005]
[3.6598495604964913, -0.38572699998543575, 0.0, 0.0, 0.0, 0.013255315893635844, 0.9999121444409803]
[3.8297676671737535, -0.3867102449971604, 0.0, 0.0, 0.0, -0.04329696133374516, 0.9990622468791743]
[3.9883766655786834, -0.40750136323067565, 0.0, 0.0, 0.0, -0.07901903593562665, 0.9968731072507695]
[4.155900355348322, -0.4363877405769942, 0.0, 0.0, 0.0, -0.08932784740917889, 0.9960022769438042]
[4.318895288266087, -0.46509223051324283, 0.0, 0.0, 0.0, -0.08400221025989803, 0.9964655682317638]
[4.490804952066843, -0.49506189033475706, 0.0, 0.0, 0.0, -0.08616451055871566, 0.9962809227924506]
[4.648432924878069, -0.5225694195942127, 0.0, 0.0, 0.0, -0.0869540073423078, 0.9962123270704463]
[4.815862089182432, -0.5520593186799435, 0.0, 0.0, 0.0, -0.08716554045030035, 0.9961938408552861]
[4.973432525791926, -0.5798734469185626, 0.0, 0.0, 0.0, -0.08733400923289743, 0.9961790857226969]
[5.146257075777007, -0.6104382945133402, 0.0, 0.0, 0.0, -0.08748686454905077, 0.996165673234817]
REPLAN
[5.251608890009739, -0.6291535825288306, 0.0, 0.0, 0.0, -0.08762200188309217, 0.9961537957494312]
[5.251146247409689, -0.6290673100391296, 0.0, 0.0, 0.0, -0.08763905583328827, 0.9961522955314864]
[5.251011130569016, -0.6290367850330094, 0.0, 0.0, 0.0, -0.0876621837429928, 0.9961502605236872]
[5.251180336019824, -0.6290621268933477, 0.0, 0.0, 0.0, -0.08768292488727063, 0.9961484350653839]
[5.251201113643483, -0.6290628027877806, 0.0, 0.0, 0.0, -0.08769281208084818, 0.9961475647259059]
[5.251241895417941, -0.6290680583039118, 0.0, 0.0, 0.0, -0.08769854680523197, 0.9961470598703037]
[5.2512006209273485, -0.6290600032622257, 0.0, 0.0, 0.0, -0.0861624928650385, 0.9962810972929689]
[5.2511308362697475, -0.6290473991803833, 0.0, 0.0, 0.0, -0.0862595312594334, 0.9962727002517447]
[5.251216066394793, -0.629061945942603, 0.0, 0.0, 0.0, -0.08631445649330753, 0.9962679431760639]
[5.251224856752738, -0.6290632761470187, 0.0, 0.0, 0.0, -0.08633782481459348, 0.9962659183201463]
[5.251210381849681, -0.6290606261327897, 0.0, 0.0, 0.0, -0.08635243451736864, 0.9962646521145491]
[5.251256900095197, -0.6290686498372665, 0.0, 0.0, 0.0, -0.08635014068325764, 0.9962648509327133]
[5.251270200294259, -0.6290709196889854, 0.0, 0.0, 0.0, -0.08632185829451477, 0.9962673018726358]
[5.251274529177283, -0.6290716373421302, 0.0, 0.0, 0.0, -0.08635443024708511, 0.9962644791302665]
[5.251267811637527, -0.6290704387490159, 0.0, 0.0, 0.0, -0.08639023557729661, 0.9962613749397792]
[5.251288960620142, -0.6290741147739141, 0.0, 0.0, 0.0, -0.08638862560022767, 0.9962615145467096]
[5.25129280233942, -0.6290747730205982, 0.0, 0.0, 0.0, -0.08640142718508739, 0.9962604044025739]
[5.2513041873483255, -0.6290767560905324, 0.0, 0.0, 0.0, -0.08594191532483256, 0.9963001491469824]
[5.251308649921496, -0.6290775683151265, 0.0, 0.0, 0.0, -0.08489907822340581, 0.9963895556040399]
[5.251319359048484, -0.6290794332300242, 0.0, 0.0, 0.0, -0.08487960995547374, 0.996391214239571]
[5.251324947812253, -0.6290804095398993, 0.0, 0.0, 0.0, -0.08484825596423738, 0.9963938846961212]
[5.251321952837351, -0.629079944093449, 0.0, 0.0, 0.0, -0.08283497643526108, 0.9965632778097785]
[5.251330421789774, -0.629081393171408, 0.0, 0.0, 0.0, -0.08290354830256823, 0.9965575756968805]
[5.2513367190899265, -0.6290824682285857, 0.0, 0.0, 0.0, -0.08295002660509793, 0.9965537080791047]
[5.251340222372667, -0.6290830669602896, 0.0, 0.0, 0.0, -0.08331175611435938, 0.9965235327342459]
[5.251341620207123, -0.6290833063873115, 0.0, 0.0, 0.0, -0.08364621729450424, 0.9964955144566987]
[5.25134780628578, -0.6290843545710492, 0.0, 0.0, 0.0, -0.08367013169884722, 0.9964935067834098]
[5.251353722040323, -0.6290853563865024, 0.0, 0.0, 0.0, -0.08365767684712669, 0.9964945524710819]
[5.251357420771645, -0.6290859832501108, 0.0, 0.0, 0.0, -0.08303860705638058, 0.9965463309541288]
[5.251361534240277, -0.6290866756109195, 0.0, 0.0, 0.0, -0.08291378593462385, 0.9965567239761053]
[5.251367145844427, -0.6290876175232943, 0.0, 0.0, 0.0, -0.08288043318933623, 0.996559498371446]
[5.251370839792511, -0.6290882376796249, 0.0, 0.0, 0.0, -0.08237794913929726, 0.9966011606934859]
[5.251374121786384, -0.629088786390231, 0.0, 0.0, 0.0, -0.08282059243219897, 0.9965644733127805]
[5.251380163336704, -0.629089798243493, 0.0, 0.0, 0.0, -