[0.00024791643734262125, 2.183501435471799e-05, 0.0, 0.0, 0.0, 0.04385380453769291, 0.9990379591524887]
[0.00024791643734262125, 2.183501435471799e-05, 0.0, 0.0, 0.0, 0.04385380453769291, 0.9990379591524887]
[0.00024808413968567777, 2.1849765619328136e-05, 0.0, 0.0, 0.0, 0.04385382856646938, 0.9990379580977204]
[0.0002482619057586812, 2.186540214674287e-05, 0.0, 0.0, 0.0, 0.04385384067773605, 0.9990379575660835]
[0.00024842925853611937, 2.1880122725974413e-05, 0.0, 0.0, 0.0, 0.043853834707365466, 0.9990379578281593]
[0.00024861186281686834, 2.1896184861031907e-05, 0.0, 0.0, 0.0, 0.04385383790386996, 0.9990379576878453]
[0.0002487846461938341, 2.1911383151475026e-05, 0.0, 0.0, 0.0, 0.04385384284040831, 0.9990379574711508]
[0.00024895169934221166, 2.192607741013202e-05, 0.0, 0.0, 0.0, 0.04385385909586498, 0.9990379567575999]
[0.00024912915644131645, 2.194168682337049e-05, 0.0, 0.0, 0.0, 0.043853860347612635, 0.999037956702653]
[0.00024929601587926853, 2.195636405657577e-05, 0.0, 0.0, 0.0, 0.043853879652774534, 0.9990379558552317]
[0.0002494836114297836, 2.1972865276292127e-05, 0.0, 0.0, 0.0, 0.043853875105783605, 0.9990379560548269]
[0.000249650283449487, 2.1987526030218656e-05, 0.0, 0.0, 0.0, 0.04385388495812653, 0.9990379556223474]
[0.00024982726777008816, 2.200309387445804e-05, 0.0, 0.0, 0.0, 0.043853892370049705, 0.9990379552969928]
[0.00025000413218945856, 2.20186511769247e-05, 0.0, 0.0, 0.0, 0.04385390509132407, 0.999037954738578]
[0.00025017056226270447, 2.2033290659031732e-05, 0.0, 0.0, 0.0, 0.043853912142160195, 0.9990379544290736]
[0.00025033687190940506, 2.2047919552480928e-05, 0.0, 0.0, 0.0, 0.04385392122589452, 0.9990379540303327]
[0.0002505238650426679, 2.20643678062039e-05, 0.0, 0.0, 0.0, 0.04385393431709587, 0.9990379534556793]
GOAL [6.75, -0.580357551575, 0.0, 0.0, 0.0, 0.0, 1.0] 
[0.00555455046518865, 0.0004872337083777921, 0.0, 0.0, 0.0, 0.043189327453412606, 0.9990669056645415]
[0.1621620511825891, 0.010906708702290945, 0.0, 0.0, 0.0, 0.0212019598037319, 0.9997752131856845]
[0.3321760073519548, 0.01625684310268379, 0.0, 0.0, 0.0, 0.008285040929416447, 0.9999656784594149]
[0.4920757670549034, 0.01543094329316218, 0.0, 0.0, 0.0, -0.012478632412520818, 0.9999221388353761]
[0.6621214012048853, 0.01018202972669612, 0.0, 0.0, 0.0, -0.020807723593999707, 0.9997834958824013]
[0.8218307627635871, 0.0010730110415837612, 0.0, 0.0, 0.0, -0.03459070947760851, 0.9994015623451045]
[0.9912408699188706, -0.01273645483770523, 0.0, 0.0, 0.0, -0.049351692283483746, 0.9987814628179461]
[1.1601405348111355, -0.031303650198941685, 0.0, 0.0, 0.0, -0.05884411619651723, 0.9982671836683057]
[1.3187620763868242, -0.05135378742362243, 0.0, 0.0, 0.0, -0.06691700237947222, 0.9977585453367692]
[1.4971929011868923, -0.07560270069159726, 0.0, 0.0, 0.0, -0.06733601500938642, 0.9977303548968808]
[1.6554758888178014, -0.09868993023236486, 0.0, 0.0, 0.0, -0.07747416113774586, 0.9969943602428264]
[1.81343934549112, -0.12369249266143154, 0.0, 0.0, 0.0, -0.08419997919649301, 0.9964488765126438]
[1.9908906191135243, -0.15356978520328, 0.0, 0.0, 0.0, -0.06518978299774483, 0.9978728837846567]
[2.1498407118438285, -0.17083466823680238, 0.0, 0.0, 0.0, -0.04925189675464598, 0.9987863889070925]
[2.309117237178514, -0.18524699076009454, 0.0, 0.0, 0.0, -0.043266021072274556, 0.9990635872758918]
[2.4784272159857217, -0.19988206121072652, 0.0, 0.0, 0.0, -0.03301590119560326, 0.9994548265270633]
[2.648304351867129, -0.20343768241327004, 0.0, 0.0, 0.0, 0.01801287491561952, 0.9998377550069182]
[2.8177439905755097, -0.19014674338122445, 0.0, 0.0, 0.0, 0.05991046293908224, 0.9982037549671033]
[2.985700642817115, -0.16405174520615828, 0.0, 0.0, 0.0, 0.08923562652222622, 0.9960105435984028]
[3.1441307190175225, -0.14218381089144538, 0.0, 0.0, 0.0, 0.039793857372592195, 0.9992079107550189]
[3.3139637218995865, -0.1354745469788431, 0.0, 0.0, 0.0, 0.007101641172438577, 0.9999747830283812]
[3.483962272040798, -0.13500268063304374, 0.0, 0.0, 0.0, -0.0019162865759463482, 0.9999981639211938]
[3.6439492283606123, -0.1362973035029602, 0.0, 0.0, 0.0, -0.01175214294079613, 0.9999309411835895]
[3.8137661607481337, -0.1439847449399549, 0.0, 0.0, 0.0, -0.029800516677668067, 0.9995558659753561]
[3.973474086121487, -0.1536127006230682, 0.0, 0.0, 0.0, -0.03291566430747405, 0.9994581327115197]
[4.137002659188084, -0.17094573749656602, 0.0, 0.0, 0.0, -0.07618340536415263, 0.9970938214366395]
[4.30822288031049, -0.20847139201944298, 0.0, 0.0, 0.0, -0.16172904570327754, 0.9868352019338928]
[4.455954471322335, -0.26981431265329164, 0.0, 0.0, 0.0, -0.20144363160775125, 0.9795001088742566]
[4.613317326789518, -0.3340156102661282, 0.0, 0.0, 0.0, -0.17272015632894672, 0.9849709374381075]
[4.774845013292724, -0.38691331277179963, 0.0, 0.0, 0.0, -0.14484247632993338, 0.989454727135412]
[4.928002880213848, -0.4331968107061681, 0.0, 0.0, 0.0, -0.14635246267360053, 0.9892325089024179]
REPLAN
[5.090747140733489, -0.48233330523867585, 0.0, 0.0, 0.0, -0.1464509850565306, 0.9892179279491309]
[5.127246662671778, -0.4935559011035611, 0.0, 0.0, 0.0, -0.14543191475030975, 0.9893682621612938]
[5.127416495266169, -0.4935821457888574, 0.0, 0.0, 0.0, -0.14530007485970722, 0.9893876329557407]
[5.127516993853409, -0.4935955527679056, 0.0, 0.0, 0.0, -0.14510349205362877, 0.9894164828796024]
[5.127433541757098, -0.49356100262270536, 0.0, 0.0, 0.0, -0.14519008091170824, 0.9894037802661013]
[5.127433072532126, -0.49355370371041085, 0.0, 0.0, 0.0, -0.14615626622870712, 0.9892615153952383]
[5.127458924201784, -0.4935566321340115, 0.0, 0.0, 0.0, -0.14582176741872863, 0.9893108774024868]
[5.127536324640117, -0.4935769060660647, 0.0, 0.0, 0.0, -0.14549132964175204, 0.9893595266631211]
[5.12751910815341, -0.4935698203524047, 0.0, 0.0, 0.0, -0.14535471603015823, 0.9893796068889797]
[5.127486693573756, -0.4935587190906688, 0.0, 0.0, 0.0, -0.14599581358745226, 0.9892852078217574]
[5.127482381116298, -0.4935565613997235, 0.0, 0.0, 0.0, -0.14580135534504457, 0.9893138858721978]
[5.127483613086836, -0.49355634060060655, 0.0, 0.0, 0.0, -0.14558496897075085, 0.9893457519036434]
[5.127481055260531, -0.4935552655686344, 0.0, 0.0, 0.0, -0.14533804550725526, 0.989382055895563]
[5.127457744786427, -0.49354808653175164, 0.0, 0.0, 0.0, -0.14491472722851734, 0.9894441479094636]
[5.127459126931289, -0.4935484183328342, 0.0, 0.0, 0.0, -0.14475783225584576, 0.9894671141582162]
[5.127450774848529, -0.49354588156700363, 0.0, 0.0, 0.0, -0.14459156895712982, 0.989491424008574]
[5.127455329276774, -0.4935472101978068, 0.0, 0.0, 0.0, -0.1446767287056627, 0.989478976113706]
[5.127456459812044, -0.4935475405582811, 0.0, 0.0, 0.0, -0.14438978002412356, 0.9895208898373926]
[5.127455248879274, -0.4935471847233182, 0.0, 0.0, 0.0, -0.14418034372037275, 0.9895514279130091]
[5.127461210029925, -0.4935489681781299, 0.0, 0.0, 0.0, -0.14416080943337886, 0.9895542739150355]
[5.1274586259785755, -0.4935481769079478, 0.0, 0.0, 0.0, -0.14485585747932694, 0.9894527682279377]
[5.127462957212003, -0.49354946250363335, 0.0, 0.0, 0.0, -0.14475847190794958, 0.9894670205776822]
[5.127465122522734, -0.4935501072490744, 0.0, 0.0, 0.0, -0.14448862728906758, 0.9895064611128727]
[5.127463137828216, -0.49354951512790796, 0.0, 0.0, 0.0, -0.14480413738402145, 0.9894603386677353]
[5.127462518410135, -0.49354932403661, 0.0, 0.0, 0.0, -0.14481212880011526, 0.9894591691183516]
[5.127463956650867, -0.49354975345876173, 0.0, 0.0, 0.0, -0.14452937767630072, 0.9895005098475196]
[5.127462011386817, -0.49354917530461034, 0.0, 0.0, 0.0, -0.14423729913510944, 0.9895431276797434]
[5.127462928269323, -0.493549450221994, 0.0, 0.0, 0.0, -0.14465700544022184, 0.9894818597513891]
[5.12746253244748, -0.49354932943938723, 0.0, 0.0, 0.0, -0.14474485897873093, 0.9894690120459697]
[5.127461610311627, -0.49354905427098666, 0.0, 0.0, 0.0, -0.14439877368435783, 0.9895195774508222]
[5.127460556957222, -0.49354874131344, 0.0, 0.0, 0.0, -0.14423360424007858, 0.9895436662461725]
[5.127460904514476, -0.49354884398281895, 0.0, 0.0, 0.0, -0.14471064173574777, 0.9894740169243597]
[5.127460011139641, -0.49354857730477014, 0.0, 0.0, 0.0, -0.14441977778465961, 0.9895165121333901]
