[0.0, 0.0, 0.0, 0.0, 0.0, 0.041243734498854635, 0.9991491151798054]
[0.0, 0.0, 0.0, 0.0, 0.0, 0.04124374383227015, 0.9991491147945326]
[0.0, 0.0, 0.0, 0.0, 0.0, 0.041243739866936614, 0.9991491149582171]
[0.0, 0.0, 0.0, 0.0, 0.0, 0.0, 1.0]
[0.0001617629090202432, 1.3422183579675642e-05, 0.0, 0.0, 0.0, 0.041243759727941365, 0.9991491141383771]
[0.00016193389476665311, 1.3436323634863413e-05, 0.0, 0.0, 0.0, 0.041243762300532755, 0.9991491140321834]
[0.0001621257769644207, 1.3452191865705113e-05, 0.0, 0.0, 0.0, 0.0412437685342443, 0.9991491137748628]
[0.0001622958812283762, 1.3466259167449462e-05, 0.0, 0.0, 0.0, 0.041243790830073505, 0.9991491128545154]
[0.00016247613093706015, 1.3481165528115149e-05, 0.0, 0.0, 0.0, 0.041243804070986684, 0.9991491123079448]
[0.0001626455458549145, 1.3495175886104052e-05, 0.0, 0.0, 0.0, 0.041243808132977, 0.9991491121402701]
[0.00016282504401379422, 1.3510020133708771e-05, 0.0, 0.0, 0.0, 0.041243816377383925, 0.9991491117999498]
[0.0001629936040262282, 1.352395982604213e-05, 0.0, 0.0, 0.0, 0.04124382259841623, 0.9991491115431522]
[0.0001631828000929286, 1.3539606103136229e-05, 0.0, 0.0, 0.0, 0.04124383759768634, 0.999149110923998]
GOAL [6.75, -0.580357551575, 0.0, 0.0, 0.0, 0.0, 1.0] 
[0.00016335051605156684, 1.3553476010242637e-05, 0.0, 0.0, 0.0, 0.04124383761989472, 0.9991491109230812]
[0.020336057186205455, 0.0016542390816154044, 0.0, 0.0, 0.0, 0.038785498705631534, 0.9992475594616959]
[0.18062730126889734, 0.010856049291747138, 0.0, 0.0, 0.0, 0.015957508151783737, 0.999872670860438]
[0.3505997453471226, 0.012139260314964338, 0.0, 0.0, 0.0, -0.009325498225798645, 0.9999565165960171]
[0.5204097361765848, 0.007032947998667703, 0.0, 0.0, 0.0, -0.019315953870521655, 0.9998134295587712]
[0.6802724648210827, -0.0003294906610124067, 0.0, 0.0, 0.0, -0.026897724225012493, 0.9996381907627955]
[0.8500124674276789, -0.010857245802912158, 0.0, 0.0, 0.0, -0.03817730482165782, 0.9992709809638997]
[1.0090868304192058, -0.02706554247003632, 0.0, 0.0, 0.0, -0.06461037407519057, 0.997910566915625]
[1.1773797806905641, -0.050980484000484154, 0.0, 0.0, 0.0, -0.07483222787226572, 0.9971961380148207]
[1.3452261153135678, -0.07773617619719897, 0.0, 0.0, 0.0, -0.08150559186293328, 0.9966728843984234]
[1.5031921780563575, -0.10265662380584499, 0.0, 0.0, 0.0, -0.07425226376017416, 0.9972394904567756]
[1.6710646904871829, -0.12933539012928671, 0.0, 0.0, 0.0, -0.07937515272562123, 0.996844814968601]
[1.8383947011576915, -0.15912948093620394, 0.0, 0.0, 0.0, -0.08588898098381849, 0.9963047139031117]
[1.9963997464687053, -0.18340738989932562, 0.0, 0.0, 0.0, -0.05789973953636462, 0.9983224029148204]
[2.1649691020379227, -0.20405668876055316, 0.0, 0.0, 0.0, -0.07048277541227188, 0.9975129965921162]
[2.323376276188703, -0.2263672559941828, 0.0, 0.0, 0.0, -0.06811473815123639, 0.9976774942067144]
[2.4923895332159134, -0.24230147788187753, 0.0, 0.0, 0.0, -0.02678870196273738, 0.9996411183255477]
[2.662174476341187, -0.25093541872410446, 0.0, 0.0, 0.0, -0.028521779471122572, 0.999593171293102]
[2.831706456207216, -0.2634851758358931, 0.0, 0.0, 0.0, -0.03967875312669453, 0.9992124881877282]
[3.0011409801185147, -0.2773143740917931, 0.0, 0.0, 0.0, -0.04234307843036051, 0.9991031296663224]
[3.1605241762987224, -0.2913192851616396, 0.0, 0.0, 0.0, -0.045943229056149275, 0.9989440523392159]
[3.3297454733650715, -0.30754878217931175, 0.0, 0.0, 0.0, -0.049675699649047236, 0.9987654003139965]
[3.488912782670159, -0.32379066735728296, 0.0, 0.0, 0.0, -0.052124213481011976, 0.9986406092128368]
[3.6579758771946502, -0.34161305347502247, 0.0, 0.0, 0.0, -0.05264308495702755, 0.9986133914614841]
[3.8170436945071966, -0.3588251956944006, 0.0, 0.0, 0.0, -0.054600714818722286, 0.998508268338968]
[4.0, -0.375, 0.0, 0.0, 0.0, -0.05568866584177211, 0.9984481821791071]
